{"level":"info","message":"API Gateway is running on port 3000","service":"api-gateway","timestamp":"2025-03-23T11:08:50.750Z"}
{"level":"info","message":"Identity service is running on port http://localhost:3001","service":"api-gateway","timestamp":"2025-03-23T11:08:50.754Z"}
{"level":"info","message":"Redis Url redis://localhost:6379","service":"api-gateway","timestamp":"2025-03-23T11:08:50.755Z"}
{"level":"info","message":"API Gateway is running on port 3000","service":"api-gateway","timestamp":"2025-03-23T11:09:00.095Z"}
{"level":"info","message":"Identity service is running on port http://localhost:3001","service":"api-gateway","timestamp":"2025-03-23T11:09:00.100Z"}
{"level":"info","message":"Redis Url redis://localhost:6379","service":"api-gateway","timestamp":"2025-03-23T11:09:00.101Z"}
{"level":"info","message":"API Gateway is running on port 3000","service":"api-gateway","timestamp":"2025-03-23T11:09:34.570Z"}
{"level":"info","message":"Identity service is running on port http://localhost:3001","service":"api-gateway","timestamp":"2025-03-23T11:09:34.574Z"}
{"level":"info","message":"Redis Url redis://localhost:6379","service":"api-gateway","timestamp":"2025-03-23T11:09:34.575Z"}
{"level":"info","message":"Received POST request to /v1/auth/login","service":"api-gateway","timestamp":"2025-03-23T11:13:43.524Z"}
{"level":"info","message":"Request body, [object Object]","service":"api-gateway","timestamp":"2025-03-23T11:13:43.524Z"}
{"level":"info","message":"Response received from Identity service: 400","service":"api-gateway","timestamp":"2025-03-23T11:13:44.244Z"}
{"level":"info","message":"Received POST request to /v1/auth/register","service":"api-gateway","timestamp":"2025-03-23T11:15:12.046Z"}
{"level":"info","message":"Request body, [object Object]","service":"api-gateway","timestamp":"2025-03-23T11:15:12.047Z"}
{"level":"info","message":"Response received from Identity service: 201","service":"api-gateway","timestamp":"2025-03-23T11:15:12.265Z"}
{"level":"info","message":"Received POST request to /v1/auth/login","service":"api-gateway","timestamp":"2025-03-23T11:16:49.135Z"}
{"level":"info","message":"Request body, [object Object]","service":"api-gateway","timestamp":"2025-03-23T11:16:49.136Z"}
{"level":"info","message":"Response received from Identity service: 200","service":"api-gateway","timestamp":"2025-03-23T11:16:49.305Z"}
{"level":"info","message":"API Gateway is running on port 3000","service":"api-gateway","timestamp":"2025-03-23T13:37:31.453Z"}
{"level":"info","message":"Identity service is running on port http://localhost:3001","service":"api-gateway","timestamp":"2025-03-23T13:37:31.458Z"}
{"level":"info","message":"Redis Url redis://localhost:6379","service":"api-gateway","timestamp":"2025-03-23T13:37:31.460Z"}
{"level":"info","message":"Received POST request to /v1/auth/login","service":"api-gateway","timestamp":"2025-03-23T13:37:38.984Z"}
{"level":"info","message":"Request body, [object Object]","service":"api-gateway","timestamp":"2025-03-23T13:37:38.985Z"}
{"level":"info","message":"Response received from Identity service: 200","service":"api-gateway","timestamp":"2025-03-23T13:37:39.385Z"}
{"level":"info","message":"Received POST request to /v1/post/create-post","service":"api-gateway","timestamp":"2025-03-23T13:40:01.426Z"}
{"level":"info","message":"Request body, [object Object]","service":"api-gateway","timestamp":"2025-03-23T13:40:01.427Z"}
{"level":"info","message":"API Gateway is running on port 3000","service":"api-gateway","timestamp":"2025-03-23T13:42:53.111Z"}
{"level":"info","message":"Identity service is running on port http://localhost:3001","service":"api-gateway","timestamp":"2025-03-23T13:42:53.116Z"}
{"level":"info","message":"Post service is running on port http://localhost:3002","service":"api-gateway","timestamp":"2025-03-23T13:42:53.117Z"}
{"level":"info","message":"Redis Url redis://localhost:6379","service":"api-gateway","timestamp":"2025-03-23T13:42:53.118Z"}
{"level":"info","message":"Received POST request to /v1/post/create-post","service":"api-gateway","timestamp":"2025-03-23T13:43:16.833Z"}
{"level":"info","message":"Request body, [object Object]","service":"api-gateway","timestamp":"2025-03-23T13:43:16.834Z"}
{"level":"info","message":"Received POST request to /v1/posts/create-post","service":"api-gateway","timestamp":"2025-03-23T13:44:01.528Z"}
{"level":"info","message":"Request body, [object Object]","service":"api-gateway","timestamp":"2025-03-23T13:44:01.529Z"}
{"level":"error","message":"Proxy error: ","service":"api-gateway","timestamp":"2025-03-23T13:44:01.546Z"}
{"level":"info","message":"API Gateway is running on port 3000","service":"api-gateway","timestamp":"2025-03-23T13:45:52.925Z"}
{"level":"info","message":"Identity service is running on port http://localhost:3001","service":"api-gateway","timestamp":"2025-03-23T13:45:52.929Z"}
{"level":"info","message":"Post service is running on port http://localhost:3002","service":"api-gateway","timestamp":"2025-03-23T13:45:52.930Z"}
{"level":"info","message":"Redis Url redis://localhost:6379","service":"api-gateway","timestamp":"2025-03-23T13:45:52.930Z"}
{"level":"info","message":"Received POST request to /v1/posts/create-post","service":"api-gateway","timestamp":"2025-03-23T13:47:20.777Z"}
{"level":"info","message":"Request body, [object Object]","service":"api-gateway","timestamp":"2025-03-23T13:47:20.778Z"}
{"level":"error","message":"Proxy error: ","service":"api-gateway","timestamp":"2025-03-23T13:47:20.790Z"}
{"level":"info","message":"Received POST request to /v1/auth/login","service":"api-gateway","timestamp":"2025-03-23T13:55:44.611Z"}
{"level":"info","message":"Request body, [object Object]","service":"api-gateway","timestamp":"2025-03-23T13:55:44.612Z"}
{"level":"info","message":"Response received from Identity service: 200","service":"api-gateway","timestamp":"2025-03-23T13:55:44.785Z"}
{"level":"info","message":"Received POST request to /v1/posts/create-post","service":"api-gateway","timestamp":"2025-03-23T13:56:58.600Z"}
{"level":"info","message":"Request body, [object Object]","service":"api-gateway","timestamp":"2025-03-23T13:56:58.600Z"}
{"level":"error","message":"Proxy error: read ECONNRESET","service":"api-gateway","timestamp":"2025-03-23T14:04:44.433Z"}
{"level":"info","message":"Received POST request to /v1/posts/create-post","service":"api-gateway","timestamp":"2025-03-23T14:05:38.379Z"}
{"level":"info","message":"Request body, [object Object]","service":"api-gateway","timestamp":"2025-03-23T14:05:38.380Z"}
{"level":"info","message":"Response received from Post service: 201","service":"api-gateway","timestamp":"2025-03-23T14:05:38.556Z"}
{"level":"info","message":"Received GET request to /v1/posts/create-post","service":"api-gateway","timestamp":"2025-03-23T14:14:46.378Z"}
{"level":"info","message":"Request body, [object Object]","service":"api-gateway","timestamp":"2025-03-23T14:14:46.379Z"}
{"level":"warn","message":"Access attempt without valid token!","service":"api-gateway","timestamp":"2025-03-23T14:14:46.379Z"}
{"level":"info","message":"Received POST request to /v1/auth/login","service":"api-gateway","timestamp":"2025-03-23T14:14:53.296Z"}
{"level":"info","message":"Request body, [object Object]","service":"api-gateway","timestamp":"2025-03-23T14:14:53.296Z"}
{"level":"info","message":"Response received from Identity service: 200","service":"api-gateway","timestamp":"2025-03-23T14:14:53.450Z"}
{"level":"info","message":"Received GET request to /v1/posts/create-post","service":"api-gateway","timestamp":"2025-03-23T14:15:47.163Z"}
{"level":"info","message":"Request body, [object Object]","service":"api-gateway","timestamp":"2025-03-23T14:15:47.164Z"}
{"level":"error","message":"Proxy error: socket hang up","service":"api-gateway","timestamp":"2025-03-23T14:18:53.984Z"}
{"level":"info","message":"Received GET request to /v1/posts/all-posts","service":"api-gateway","timestamp":"2025-03-23T14:19:03.700Z"}
{"level":"info","message":"Request body, [object Object]","service":"api-gateway","timestamp":"2025-03-23T14:19:03.701Z"}
{"level":"info","message":"Response received from Post service: 200","service":"api-gateway","timestamp":"2025-03-23T14:19:03.893Z"}
{"level":"info","message":"API Gateway is running on port 3000","service":"api-gateway","timestamp":"2025-03-30T18:17:40.612Z"}
{"level":"info","message":"Identity service is running on port http://localhost:3001","service":"api-gateway","timestamp":"2025-03-30T18:17:40.632Z"}
{"level":"info","message":"Post service is running on port http://localhost:3002","service":"api-gateway","timestamp":"2025-03-30T18:17:40.633Z"}
{"level":"info","message":"Redis Url redis://localhost:6379","service":"api-gateway","timestamp":"2025-03-30T18:17:40.634Z"}
{"level":"info","message":"API Gateway is running on port 3000","service":"api-gateway","timestamp":"2025-04-01T05:48:01.994Z"}
{"level":"info","message":"Identity service is running on port http://localhost:3001","service":"api-gateway","timestamp":"2025-04-01T05:48:01.998Z"}
{"level":"info","message":"Post service is running on port http://localhost:3002","service":"api-gateway","timestamp":"2025-04-01T05:48:01.999Z"}
{"level":"info","message":"Redis Url redis://localhost:6379","service":"api-gateway","timestamp":"2025-04-01T05:48:01.999Z"}
{"level":"info","message":"Received GET request to /v1/posts/all-posts","service":"api-gateway","timestamp":"2025-04-01T05:48:23.510Z"}
{"level":"info","message":"Request body, [object Object]","service":"api-gateway","timestamp":"2025-04-01T05:48:23.511Z"}
{"level":"warn","message":"Invalid token!","service":"api-gateway","timestamp":"2025-04-01T05:48:23.515Z"}
{"level":"info","message":"Received POST request to /v1/auth/login","service":"api-gateway","timestamp":"2025-04-01T05:48:40.307Z"}
{"level":"info","message":"Request body, [object Object]","service":"api-gateway","timestamp":"2025-04-01T05:48:40.308Z"}
{"level":"info","message":"Response received from Identity service: 200","service":"api-gateway","timestamp":"2025-04-01T05:48:40.543Z"}
{"level":"info","message":"Received GET request to /v1/posts/all-posts","service":"api-gateway","timestamp":"2025-04-01T05:49:07.535Z"}
{"level":"info","message":"Request body, [object Object]","service":"api-gateway","timestamp":"2025-04-01T05:49:07.536Z"}
{"level":"info","message":"Response received from Post service: 200","service":"api-gateway","timestamp":"2025-04-01T05:49:07.668Z"}
{"level":"info","message":"Received GET request to /v1/posts/all-posts","service":"api-gateway","timestamp":"2025-04-01T05:49:19.607Z"}
{"level":"info","message":"Request body, [object Object]","service":"api-gateway","timestamp":"2025-04-01T05:49:19.608Z"}
{"level":"info","message":"Response received from Post service: 200","service":"api-gateway","timestamp":"2025-04-01T05:49:19.616Z"}
{"level":"info","message":"Received POST request to /v1/auth/login","service":"api-gateway","timestamp":"2025-04-01T08:21:52.468Z"}
{"level":"info","message":"Request body, [object Object]","service":"api-gateway","timestamp":"2025-04-01T08:21:52.469Z"}
{"level":"info","message":"Response received from Identity service: 200","service":"api-gateway","timestamp":"2025-04-01T08:21:53.066Z"}
{"level":"info","message":"Received POST request to /v1/media/upload","service":"api-gateway","timestamp":"2025-04-01T08:23:51.400Z"}
{"level":"info","message":"Request body, [object Object]","service":"api-gateway","timestamp":"2025-04-01T08:23:51.401Z"}
{"level":"info","message":"API Gateway is running on port 3000","service":"api-gateway","timestamp":"2025-04-01T08:26:14.728Z"}
{"level":"info","message":"Identity service is running on port http://localhost:3001","service":"api-gateway","timestamp":"2025-04-01T08:26:14.732Z"}
{"level":"info","message":"Post service is running on port http://localhost:3002","service":"api-gateway","timestamp":"2025-04-01T08:26:14.733Z"}
{"level":"info","message":"Redis Url redis://localhost:6379","service":"api-gateway","timestamp":"2025-04-01T08:26:14.733Z"}
{"level":"info","message":"API Gateway is running on port 3000","service":"api-gateway","timestamp":"2025-04-01T08:26:24.079Z"}
{"level":"info","message":"Identity service is running on port http://localhost:3001","service":"api-gateway","timestamp":"2025-04-01T08:26:24.083Z"}
{"level":"info","message":"Post service is running on port http://localhost:3002","service":"api-gateway","timestamp":"2025-04-01T08:26:24.084Z"}
{"level":"info","message":"Redis Url redis://localhost:6379","service":"api-gateway","timestamp":"2025-04-01T08:26:24.085Z"}
{"level":"info","message":"Received POST request to /v1/media/upload","service":"api-gateway","timestamp":"2025-04-01T08:26:37.050Z"}
{"level":"info","message":"Request body, [object Object]","service":"api-gateway","timestamp":"2025-04-01T08:26:37.051Z"}
{"level":"info","message":"Response received from media service: 500","service":"api-gateway","timestamp":"2025-04-01T08:26:38.448Z"}
{"level":"info","message":"Received POST request to /v1/media/upload","service":"api-gateway","timestamp":"2025-04-01T08:29:14.184Z"}
{"level":"info","message":"Request body, [object Object]","service":"api-gateway","timestamp":"2025-04-01T08:29:14.185Z"}
{"level":"info","message":"Response received from media service: 500","service":"api-gateway","timestamp":"2025-04-01T08:29:15.637Z"}
{"level":"info","message":"API Gateway is running on port 3000","service":"api-gateway","timestamp":"2025-04-01T08:32:47.367Z"}
{"level":"info","message":"Identity service is running on port http://localhost:3001","service":"api-gateway","timestamp":"2025-04-01T08:32:47.372Z"}
{"level":"info","message":"Post service is running on port http://localhost:3002","service":"api-gateway","timestamp":"2025-04-01T08:32:47.372Z"}
{"level":"info","message":"Redis Url redis://localhost:6379","service":"api-gateway","timestamp":"2025-04-01T08:32:47.373Z"}
{"level":"info","message":"Received POST request to /v1/media/upload","service":"api-gateway","timestamp":"2025-04-01T08:32:55.134Z"}
{"level":"info","message":"Request body, [object Object]","service":"api-gateway","timestamp":"2025-04-01T08:32:55.135Z"}
{"level":"error","message":"Proxy error: ","service":"api-gateway","timestamp":"2025-04-01T08:32:55.147Z"}
{"level":"info","message":"API Gateway is running on port 3000","service":"api-gateway","timestamp":"2025-04-01T08:34:14.805Z"}
{"level":"info","message":"Identity service is running on port http://localhost:3001","service":"api-gateway","timestamp":"2025-04-01T08:34:14.809Z"}
{"level":"info","message":"Post service is running on port http://localhost:3002","service":"api-gateway","timestamp":"2025-04-01T08:34:14.810Z"}
{"level":"info","message":"Redis Url redis://localhost:6379","service":"api-gateway","timestamp":"2025-04-01T08:34:14.810Z"}
{"level":"info","message":"Received POST request to /v1/media/upload","service":"api-gateway","timestamp":"2025-04-01T08:35:39.415Z"}
{"level":"info","message":"Request body, [object Object]","service":"api-gateway","timestamp":"2025-04-01T08:35:39.416Z"}
{"level":"info","message":"Response received from media service: 500","service":"api-gateway","timestamp":"2025-04-01T08:35:40.871Z"}
{"level":"info","message":"Received POST request to /v1/media/upload","service":"api-gateway","timestamp":"2025-04-01T08:42:55.060Z"}
{"level":"info","message":"Request body, [object Object]","service":"api-gateway","timestamp":"2025-04-01T08:42:55.061Z"}
{"level":"info","message":"Response received from media service: 500","service":"api-gateway","timestamp":"2025-04-01T08:42:56.448Z"}
{"level":"info","message":"Received POST request to /v1/media/upload","service":"api-gateway","timestamp":"2025-04-01T10:53:25.034Z"}
{"level":"info","message":"Request body, [object Object]","service":"api-gateway","timestamp":"2025-04-01T10:53:25.035Z"}
{"level":"warn","message":"Invalid token!","service":"api-gateway","timestamp":"2025-04-01T10:53:25.039Z"}
{"level":"info","message":"Received POST request to /v1/auth/login","service":"api-gateway","timestamp":"2025-04-01T10:53:31.697Z"}
{"level":"info","message":"Request body, [object Object]","service":"api-gateway","timestamp":"2025-04-01T10:53:31.698Z"}
{"level":"info","message":"Response received from Identity service: 200","service":"api-gateway","timestamp":"2025-04-01T10:53:32.435Z"}
{"level":"info","message":"Received POST request to /v1/media/upload","service":"api-gateway","timestamp":"2025-04-01T10:55:11.679Z"}
{"level":"info","message":"Request body, [object Object]","service":"api-gateway","timestamp":"2025-04-01T10:55:11.680Z"}
{"level":"error","message":"Proxy error: ","service":"api-gateway","timestamp":"2025-04-01T10:55:11.685Z"}
{"level":"info","message":"Received POST request to /v1/media/upload","service":"api-gateway","timestamp":"2025-04-01T10:55:50.049Z"}
{"level":"info","message":"Request body, [object Object]","service":"api-gateway","timestamp":"2025-04-01T10:55:50.050Z"}
{"level":"info","message":"Response received from media service: 500","service":"api-gateway","timestamp":"2025-04-01T10:55:51.624Z"}
{"level":"info","message":"Received POST request to /v1/media/upload","service":"api-gateway","timestamp":"2025-04-01T10:59:11.296Z"}
{"level":"info","message":"Request body, [object Object]","service":"api-gateway","timestamp":"2025-04-01T10:59:11.296Z"}
{"level":"info","message":"Response received from media service: 500","service":"api-gateway","timestamp":"2025-04-01T10:59:12.663Z"}
{"level":"info","message":"Received POST request to /v1/media/upload","service":"api-gateway","timestamp":"2025-04-01T11:01:24.800Z"}
{"level":"info","message":"Request body, [object Object]","service":"api-gateway","timestamp":"2025-04-01T11:01:24.800Z"}
{"level":"info","message":"Response received from media service: 500","service":"api-gateway","timestamp":"2025-04-01T11:01:26.090Z"}
{"level":"info","message":"Received POST request to /v1/media/upload","service":"api-gateway","timestamp":"2025-04-01T11:03:16.779Z"}
{"level":"info","message":"Request body, [object Object]","service":"api-gateway","timestamp":"2025-04-01T11:03:16.780Z"}
{"level":"info","message":"Response received from media service: 201","service":"api-gateway","timestamp":"2025-04-01T11:03:18.750Z"}
{"level":"info","message":"Received GET request to /v1/posts/all-posts","service":"api-gateway","timestamp":"2025-04-01T11:05:44.979Z"}
{"level":"info","message":"Request body, [object Object]","service":"api-gateway","timestamp":"2025-04-01T11:05:44.979Z"}
{"level":"info","message":"Response received from Post service: 200","service":"api-gateway","timestamp":"2025-04-01T11:05:45.247Z"}
{"level":"info","message":"Received POST request to /v1/posts/create-post","service":"api-gateway","timestamp":"2025-04-01T11:09:02.337Z"}
{"level":"info","message":"Request body, [object Object]","service":"api-gateway","timestamp":"2025-04-01T11:09:02.337Z"}
{"level":"info","message":"Response received from Post service: 201","service":"api-gateway","timestamp":"2025-04-01T11:09:02.422Z"}
{"level":"info","message":"Received GET request to /v1/posts/all-posts","service":"api-gateway","timestamp":"2025-04-01T11:09:08.860Z"}
{"level":"info","message":"Request body, [object Object]","service":"api-gateway","timestamp":"2025-04-01T11:09:08.860Z"}
{"level":"info","message":"Response received from Post service: 200","service":"api-gateway","timestamp":"2025-04-01T11:09:08.935Z"}
{"level":"info","message":"Received POST request to /v1/posts/create-post","service":"api-gateway","timestamp":"2025-04-01T11:16:31.710Z"}
{"level":"info","message":"Request body, [object Object]","service":"api-gateway","timestamp":"2025-04-01T11:16:31.711Z"}
{"level":"info","message":"Response received from Post service: 201","service":"api-gateway","timestamp":"2025-04-01T11:16:31.767Z"}
{"level":"info","message":"Received GET request to /v1/posts/all-posts","service":"api-gateway","timestamp":"2025-04-01T11:16:37.203Z"}
{"level":"info","message":"Request body, [object Object]","service":"api-gateway","timestamp":"2025-04-01T11:16:37.204Z"}
{"level":"info","message":"Response received from Post service: 200","service":"api-gateway","timestamp":"2025-04-01T11:16:37.278Z"}
{"level":"info","message":"Received POST request to /v1/media/upload","service":"api-gateway","timestamp":"2025-04-01T14:37:48.890Z"}
{"level":"info","message":"Request body, [object Object]","service":"api-gateway","timestamp":"2025-04-01T14:37:48.891Z"}
{"level":"warn","message":"Invalid token!","service":"api-gateway","timestamp":"2025-04-01T14:37:48.895Z"}
{"level":"info","message":"Received POST request to /v1/auth/login","service":"api-gateway","timestamp":"2025-04-01T14:38:32.075Z"}
{"level":"info","message":"Request body, [object Object]","service":"api-gateway","timestamp":"2025-04-01T14:38:32.076Z"}
{"level":"info","message":"Response received from Identity service: 200","service":"api-gateway","timestamp":"2025-04-01T14:38:32.431Z"}
{"level":"info","message":"Received GET request to /v1/media/get","service":"api-gateway","timestamp":"2025-04-01T14:39:37.213Z"}
{"level":"info","message":"Request body, [object Object]","service":"api-gateway","timestamp":"2025-04-01T14:39:37.214Z"}
{"level":"info","message":"Response received from media service: 200","service":"api-gateway","timestamp":"2025-04-01T14:39:37.475Z"}
{"level":"info","message":"Received POST request to /v1/media/upload","service":"api-gateway","timestamp":"2025-04-01T14:40:17.091Z"}
{"level":"info","message":"Request body, [object Object]","service":"api-gateway","timestamp":"2025-04-01T14:40:17.092Z"}
{"level":"info","message":"Response received from media service: 400","service":"api-gateway","timestamp":"2025-04-01T14:40:17.110Z"}
{"level":"info","message":"Received GET request to /v1/media/get","service":"api-gateway","timestamp":"2025-04-01T14:40:25.625Z"}
{"level":"info","message":"Request body, [object Object]","service":"api-gateway","timestamp":"2025-04-01T14:40:25.626Z"}
{"level":"info","message":"Response received from media service: 200","service":"api-gateway","timestamp":"2025-04-01T14:40:25.665Z"}
{"level":"info","message":"Received GET request to /v1/media/get","service":"api-gateway","timestamp":"2025-04-01T14:41:34.604Z"}
{"level":"info","message":"Request body, [object Object]","service":"api-gateway","timestamp":"2025-04-01T14:41:34.605Z"}
{"level":"info","message":"Response received from media service: 200","service":"api-gateway","timestamp":"2025-04-01T14:41:34.653Z"}
{"level":"info","message":"Received POST request to /v1/media/upload","service":"api-gateway","timestamp":"2025-04-01T14:42:32.816Z"}
{"level":"info","message":"Request body, [object Object]","service":"api-gateway","timestamp":"2025-04-01T14:42:32.817Z"}
{"level":"info","message":"Response received from media service: 400","service":"api-gateway","timestamp":"2025-04-01T14:42:32.825Z"}
{"level":"info","message":"Received POST request to /v1/media/upload","service":"api-gateway","timestamp":"2025-04-01T14:43:40.630Z"}
{"level":"info","message":"Request body, [object Object]","service":"api-gateway","timestamp":"2025-04-01T14:43:40.631Z"}
{"level":"info","message":"Response received from media service: 400","service":"api-gateway","timestamp":"2025-04-01T14:43:40.641Z"}
{"level":"info","message":"Received POST request to /v1/media/upload","service":"api-gateway","timestamp":"2025-04-01T14:45:33.405Z"}
{"level":"info","message":"Request body, [object Object]","service":"api-gateway","timestamp":"2025-04-01T14:45:33.405Z"}
{"level":"info","message":"Response received from media service: 201","service":"api-gateway","timestamp":"2025-04-01T14:45:35.831Z"}
{"level":"info","message":"Received GET request to /v1/media/get","service":"api-gateway","timestamp":"2025-04-01T14:45:41.732Z"}
{"level":"info","message":"Request body, [object Object]","service":"api-gateway","timestamp":"2025-04-01T14:45:41.732Z"}
{"level":"info","message":"Response received from media service: 200","service":"api-gateway","timestamp":"2025-04-01T14:45:41.769Z"}
{"level":"info","message":"Received GET request to /v1/posts/all-posts","service":"api-gateway","timestamp":"2025-04-01T14:53:19.121Z"}
{"level":"info","message":"Request body, [object Object]","service":"api-gateway","timestamp":"2025-04-01T14:53:19.122Z"}
{"level":"warn","message":"Invalid token!","service":"api-gateway","timestamp":"2025-04-01T14:53:19.124Z"}
{"level":"info","message":"Received POST request to /v1/auth/login","service":"api-gateway","timestamp":"2025-04-01T14:53:24.674Z"}
{"level":"info","message":"Request body, [object Object]","service":"api-gateway","timestamp":"2025-04-01T14:53:24.675Z"}
{"level":"info","message":"Response received from Identity service: 200","service":"api-gateway","timestamp":"2025-04-01T14:53:24.850Z"}
{"level":"info","message":"Received GET request to /v1/posts/all-posts","service":"api-gateway","timestamp":"2025-04-01T14:53:46.831Z"}
{"level":"info","message":"Request body, [object Object]","service":"api-gateway","timestamp":"2025-04-01T14:53:46.831Z"}
{"level":"info","message":"Response received from Post service: 200","service":"api-gateway","timestamp":"2025-04-01T14:53:46.943Z"}
{"level":"info","message":"Received POST request to /v1/auth/login","service":"api-gateway","timestamp":"2025-04-01T15:44:35.060Z"}
{"level":"info","message":"Request body, [object Object]","service":"api-gateway","timestamp":"2025-04-01T15:44:35.062Z"}
{"level":"info","message":"Response received from Identity service: 200","service":"api-gateway","timestamp":"2025-04-01T15:44:35.255Z"}
{"level":"info","message":"Received DELETE request to /v1/posts/67ebcb0ffe9a0f6d24af9259","service":"api-gateway","timestamp":"2025-04-01T15:45:26.141Z"}
{"level":"info","message":"Request body, [object Object]","service":"api-gateway","timestamp":"2025-04-01T15:45:26.142Z"}
{"level":"error","message":"Proxy error: socket hang up","service":"api-gateway","timestamp":"2025-04-01T15:52:47.479Z"}
{"level":"info","message":"Received DELETE request to /v1/posts/67ebcb0ffe9a0f6d24af9259","service":"api-gateway","timestamp":"2025-04-01T15:52:56.218Z"}
{"level":"info","message":"Request body, [object Object]","service":"api-gateway","timestamp":"2025-04-01T15:52:56.218Z"}
{"level":"info","message":"Response received from Post service: 404","service":"api-gateway","timestamp":"2025-04-01T15:52:56.254Z"}
{"level":"info","message":"Received GET request to /v1/posts/all-posts","service":"api-gateway","timestamp":"2025-04-01T15:53:14.041Z"}
{"level":"info","message":"Request body, [object Object]","service":"api-gateway","timestamp":"2025-04-01T15:53:14.042Z"}
{"level":"info","message":"Response received from Post service: 200","service":"api-gateway","timestamp":"2025-04-01T15:53:14.115Z"}
{"level":"info","message":"Received POST request to /v1/auth/login","service":"api-gateway","timestamp":"2025-04-01T15:53:35.245Z"}
{"level":"info","message":"Request body, [object Object]","service":"api-gateway","timestamp":"2025-04-01T15:53:35.245Z"}
{"level":"info","message":"Response received from Identity service: 200","service":"api-gateway","timestamp":"2025-04-01T15:53:35.391Z"}
{"level":"info","message":"Received POST request to /v1/posts/create-post","service":"api-gateway","timestamp":"2025-04-01T15:54:56.473Z"}
{"level":"info","message":"Request body, [object Object]","service":"api-gateway","timestamp":"2025-04-01T15:54:56.474Z"}
{"level":"error","message":"Proxy error: read ECONNRESET","service":"api-gateway","timestamp":"2025-04-01T15:56:03.330Z"}
{"level":"info","message":"Received POST request to /v1/posts/create-post","service":"api-gateway","timestamp":"2025-04-01T15:56:23.636Z"}
{"level":"info","message":"Request body, [object Object]","service":"api-gateway","timestamp":"2025-04-01T15:56:23.636Z"}
{"level":"error","message":"Proxy error: read ECONNRESET","service":"api-gateway","timestamp":"2025-04-01T15:58:21.787Z"}
{"level":"info","message":"Received POST request to /v1/posts/create-post","service":"api-gateway","timestamp":"2025-04-01T15:59:09.248Z"}
{"level":"info","message":"Request body, [object Object]","service":"api-gateway","timestamp":"2025-04-01T15:59:09.249Z"}
{"level":"error","message":"Proxy error: ","service":"api-gateway","timestamp":"2025-04-01T15:59:09.253Z"}
{"level":"info","message":"Received POST request to /v1/posts/create-post","service":"api-gateway","timestamp":"2025-04-01T15:59:55.685Z"}
{"level":"info","message":"Request body, [object Object]","service":"api-gateway","timestamp":"2025-04-01T15:59:55.685Z"}
{"level":"info","message":"API Gateway is running on port 3000","service":"api-gateway","timestamp":"2025-04-04T05:52:49.192Z"}
{"level":"info","message":"Identity service is running on port http://localhost:3001","service":"api-gateway","timestamp":"2025-04-04T05:52:49.196Z"}
{"level":"info","message":"Post service is running on port http://localhost:3002","service":"api-gateway","timestamp":"2025-04-04T05:52:49.197Z"}
{"level":"info","message":"Redis Url redis://localhost:6379","service":"api-gateway","timestamp":"2025-04-04T05:52:49.197Z"}
{"level":"info","message":"Received POST request to /v1/auth/login","service":"api-gateway","timestamp":"2025-04-04T05:55:40.979Z"}
{"level":"info","message":"Request body, [object Object]","service":"api-gateway","timestamp":"2025-04-04T05:55:40.980Z"}
{"level":"info","message":"Response received from Identity service: 200","service":"api-gateway","timestamp":"2025-04-04T05:55:41.230Z"}
{"level":"info","message":"Received GET request to /v1/media/get","service":"api-gateway","timestamp":"2025-04-04T05:56:15.899Z"}
{"level":"info","message":"Request body, [object Object]","service":"api-gateway","timestamp":"2025-04-04T05:56:15.900Z"}
{"level":"info","message":"Response received from media service: 200","service":"api-gateway","timestamp":"2025-04-04T05:56:15.980Z"}
{"level":"info","message":"Received GET request to /v1/posts/all-posts","service":"api-gateway","timestamp":"2025-04-04T05:56:55.982Z"}
{"level":"info","message":"Request body, [object Object]","service":"api-gateway","timestamp":"2025-04-04T05:56:55.983Z"}
{"level":"info","message":"Response received from Post service: 200","service":"api-gateway","timestamp":"2025-04-04T05:56:56.115Z"}
{"level":"info","message":"Received DELETE request to /v1/posts/67ebc7f6cfd70920612ffd0f","service":"api-gateway","timestamp":"2025-04-04T05:57:30.185Z"}
{"level":"info","message":"Request body, [object Object]","service":"api-gateway","timestamp":"2025-04-04T05:57:30.186Z"}
{"level":"warn","message":"Invalid token!","service":"api-gateway","timestamp":"2025-04-04T05:57:30.188Z"}
{"level":"info","message":"Received DELETE request to /v1/posts/67ebc7f6cfd70920612ffd0f","service":"api-gateway","timestamp":"2025-04-04T05:58:15.679Z"}
{"level":"info","message":"Request body, [object Object]","service":"api-gateway","timestamp":"2025-04-04T05:58:15.679Z"}
{"level":"warn","message":"Invalid token!","service":"api-gateway","timestamp":"2025-04-04T05:58:15.681Z"}
{"level":"info","message":"Received DELETE request to /v1/posts/67ebc7f6cfd70920612ffd0f","service":"api-gateway","timestamp":"2025-04-04T05:58:49.559Z"}
{"level":"info","message":"Request body, [object Object]","service":"api-gateway","timestamp":"2025-04-04T05:58:49.559Z"}
{"level":"info","message":"Response received from Post service: 404","service":"api-gateway","timestamp":"2025-04-04T05:58:49.614Z"}
{"level":"info","message":"Received GET request to /v1/posts/all-posts","service":"api-gateway","timestamp":"2025-04-04T05:59:02.898Z"}
{"level":"info","message":"Request body, [object Object]","service":"api-gateway","timestamp":"2025-04-04T05:59:02.898Z"}
{"level":"info","message":"Response received from Post service: 200","service":"api-gateway","timestamp":"2025-04-04T05:59:02.905Z"}
{"level":"info","message":"Received DELETE request to /v1/posts/67ec0d7b75eea4960d5fd1ca","service":"api-gateway","timestamp":"2025-04-04T05:59:33.596Z"}
{"level":"info","message":"Request body, [object Object]","service":"api-gateway","timestamp":"2025-04-04T05:59:33.596Z"}
{"level":"error","message":"Proxy error: socket hang up","service":"api-gateway","timestamp":"2025-04-04T06:03:07.298Z"}
{"level":"info","message":"Received POST request to /v1/posts/create-post","service":"api-gateway","timestamp":"2025-04-04T06:09:01.431Z"}
{"level":"info","message":"Request body, [object Object]","service":"api-gateway","timestamp":"2025-04-04T06:09:01.432Z"}
{"level":"warn","message":"Invalid token!","service":"api-gateway","timestamp":"2025-04-04T06:09:01.433Z"}
{"level":"info","message":"Received DELETE request to /v1/posts/67ec0d7b75eea4960d5fd1ca","service":"api-gateway","timestamp":"2025-04-04T06:09:07.933Z"}
{"level":"info","message":"Request body, [object Object]","service":"api-gateway","timestamp":"2025-04-04T06:09:07.934Z"}
{"level":"info","message":"Response received from Post service: 404","service":"api-gateway","timestamp":"2025-04-04T06:09:08.035Z"}
{"level":"info","message":"Received GET request to /v1/posts/all-posts","service":"api-gateway","timestamp":"2025-04-04T06:09:17.791Z"}
{"level":"info","message":"Request body, [object Object]","service":"api-gateway","timestamp":"2025-04-04T06:09:17.792Z"}
{"level":"info","message":"Response received from Post service: 200","service":"api-gateway","timestamp":"2025-04-04T06:09:17.870Z"}
{"level":"info","message":"Received DELETE request to /v1/posts/67ec0ca70b7cf998ef07e1a8","service":"api-gateway","timestamp":"2025-04-04T06:11:52.310Z"}
{"level":"info","message":"Request body, [object Object]","service":"api-gateway","timestamp":"2025-04-04T06:11:52.311Z"}
{"level":"error","message":"Proxy error: read ECONNRESET","service":"api-gateway","timestamp":"2025-04-04T06:14:33.474Z"}
{"level":"info","message":"Received DELETE request to /v1/posts/67ec0ca70b7cf998ef07e1a8","service":"api-gateway","timestamp":"2025-04-04T06:19:29.496Z"}
{"level":"info","message":"Request body, [object Object]","service":"api-gateway","timestamp":"2025-04-04T06:19:29.496Z"}
{"level":"info","message":"Response received from Post service: 404","service":"api-gateway","timestamp":"2025-04-04T06:19:29.570Z"}
{"level":"info","message":"Received DELETE request to /v1/posts/67ec0c5027e58d7f8355e33c","service":"api-gateway","timestamp":"2025-04-04T06:20:22.612Z"}
{"level":"info","message":"Request body, [object Object]","service":"api-gateway","timestamp":"2025-04-04T06:20:22.612Z"}
{"level":"info","message":"Response received from Post service: 200","service":"api-gateway","timestamp":"2025-04-04T06:20:22.657Z"}
{"level":"info","message":"Received GET request to /v1/posts/all-posts","service":"api-gateway","timestamp":"2025-04-04T06:45:27.254Z"}
{"level":"info","message":"Request body, [object Object]","service":"api-gateway","timestamp":"2025-04-04T06:45:27.255Z"}
{"level":"info","message":"Response received from Post service: 200","service":"api-gateway","timestamp":"2025-04-04T06:45:27.357Z"}
{"level":"info","message":"Received DELETE request to /v1/posts/67ebc94efe9a0f6d24af9255","service":"api-gateway","timestamp":"2025-04-04T06:45:44.035Z"}
{"level":"info","message":"Request body, [object Object]","service":"api-gateway","timestamp":"2025-04-04T06:45:44.035Z"}
{"level":"info","message":"Response received from Post service: 200","service":"api-gateway","timestamp":"2025-04-04T06:45:44.085Z"}
{"level":"info","message":"Received POST request to /v1/auth/login","service":"api-gateway","timestamp":"2025-04-04T08:11:56.088Z"}
{"level":"info","message":"Request body, [object Object]","service":"api-gateway","timestamp":"2025-04-04T08:11:56.089Z"}
{"level":"info","message":"Response received from Identity service: 200","service":"api-gateway","timestamp":"2025-04-04T08:11:57.154Z"}
{"level":"info","message":"Received POST request to /v1/media/upload","service":"api-gateway","timestamp":"2025-04-04T08:13:12.674Z"}
{"level":"info","message":"Request body, [object Object]","service":"api-gateway","timestamp":"2025-04-04T08:13:12.674Z"}
{"level":"info","message":"Response received from media service: 201","service":"api-gateway","timestamp":"2025-04-04T08:13:14.850Z"}
{"level":"info","message":"Received POST request to /v1/posts/create-post","service":"api-gateway","timestamp":"2025-04-04T08:14:18.785Z"}
{"level":"info","message":"Request body, [object Object]","service":"api-gateway","timestamp":"2025-04-04T08:14:18.786Z"}
{"level":"warn","message":"Invalid token!","service":"api-gateway","timestamp":"2025-04-04T08:14:18.786Z"}
{"level":"info","message":"Received POST request to /v1/posts/create-post","service":"api-gateway","timestamp":"2025-04-04T08:15:04.845Z"}
{"level":"info","message":"Request body, [object Object]","service":"api-gateway","timestamp":"2025-04-04T08:15:04.846Z"}
{"level":"info","message":"Response received from Post service: 201","service":"api-gateway","timestamp":"2025-04-04T08:15:05.122Z"}
{"level":"info","message":"Received GET request to /v1/posts/all-posts","service":"api-gateway","timestamp":"2025-04-04T08:16:48.671Z"}
{"level":"info","message":"Request body, [object Object]","service":"api-gateway","timestamp":"2025-04-04T08:16:48.672Z"}
{"level":"info","message":"Response received from Post service: 200","service":"api-gateway","timestamp":"2025-04-04T08:16:48.752Z"}
{"level":"info","message":"Received DELETE request to /v1/posts/67ef95084443aeec521ba5fd","service":"api-gateway","timestamp":"2025-04-04T08:18:38.281Z"}
{"level":"info","message":"Request body, [object Object]","service":"api-gateway","timestamp":"2025-04-04T08:18:38.281Z"}
{"level":"warn","message":"Invalid token!","service":"api-gateway","timestamp":"2025-04-04T08:18:38.283Z"}
{"level":"info","message":"Received DELETE request to /v1/posts/67ef95084443aeec521ba5fd","service":"api-gateway","timestamp":"2025-04-04T08:19:14.645Z"}
{"level":"info","message":"Request body, [object Object]","service":"api-gateway","timestamp":"2025-04-04T08:19:14.645Z"}
{"level":"info","message":"Response received from Post service: 200","service":"api-gateway","timestamp":"2025-04-04T08:19:14.701Z"}
{"level":"info","message":"Received POST request to /v1/auth/login","service":"api-gateway","timestamp":"2025-04-04T09:27:45.962Z"}
{"level":"info","message":"Request body, [object Object]","service":"api-gateway","timestamp":"2025-04-04T09:27:45.963Z"}
{"level":"info","message":"Response received from Identity service: 200","service":"api-gateway","timestamp":"2025-04-04T09:27:46.519Z"}
{"level":"info","message":"Received POST request to /v1/media/upload","service":"api-gateway","timestamp":"2025-04-04T09:28:18.788Z"}
{"level":"info","message":"Request body, [object Object]","service":"api-gateway","timestamp":"2025-04-04T09:28:18.789Z"}
{"level":"info","message":"Response received from media service: 201","service":"api-gateway","timestamp":"2025-04-04T09:28:20.524Z"}
{"level":"info","message":"Received POST request to /v1/posts/create-post","service":"api-gateway","timestamp":"2025-04-04T09:29:02.776Z"}
{"level":"info","message":"Request body, [object Object]","service":"api-gateway","timestamp":"2025-04-04T09:29:02.778Z"}
{"level":"warn","message":"Invalid token!","service":"api-gateway","timestamp":"2025-04-04T09:29:02.782Z"}
{"level":"info","message":"Received POST request to /v1/posts/create-post","service":"api-gateway","timestamp":"2025-04-04T09:29:49.623Z"}
{"level":"info","message":"Request body, [object Object]","service":"api-gateway","timestamp":"2025-04-04T09:29:49.623Z"}
{"level":"info","message":"Response received from Post service: 201","service":"api-gateway","timestamp":"2025-04-04T09:29:49.866Z"}
{"level":"info","message":"Received GET request to /v1/posts/all-posts","service":"api-gateway","timestamp":"2025-04-04T09:29:56.295Z"}
{"level":"info","message":"Request body, [object Object]","service":"api-gateway","timestamp":"2025-04-04T09:29:56.296Z"}
{"level":"warn","message":"Invalid token!","service":"api-gateway","timestamp":"2025-04-04T09:29:56.300Z"}
{"level":"info","message":"Received GET request to /v1/posts/all-posts","service":"api-gateway","timestamp":"2025-04-04T09:30:07.484Z"}
{"level":"info","message":"Request body, [object Object]","service":"api-gateway","timestamp":"2025-04-04T09:30:07.485Z"}
{"level":"info","message":"Response received from Post service: 200","service":"api-gateway","timestamp":"2025-04-04T09:30:07.575Z"}
{"level":"info","message":"Received DELETE request to /v1/posts/67efa68d4443aeec521ba602","service":"api-gateway","timestamp":"2025-04-04T09:30:29.207Z"}
{"level":"info","message":"Request body, [object Object]","service":"api-gateway","timestamp":"2025-04-04T09:30:29.207Z"}
{"level":"warn","message":"Invalid token!","service":"api-gateway","timestamp":"2025-04-04T09:30:29.210Z"}
{"level":"info","message":"Received POST request to /v1/auth/login","service":"api-gateway","timestamp":"2025-04-04T09:31:09.273Z"}
{"level":"info","message":"Request body, [object Object]","service":"api-gateway","timestamp":"2025-04-04T09:31:09.273Z"}
{"level":"info","message":"Response received from Identity service: 200","service":"api-gateway","timestamp":"2025-04-04T09:31:09.425Z"}
{"level":"info","message":"Received DELETE request to /v1/posts/67efa68d4443aeec521ba602","service":"api-gateway","timestamp":"2025-04-04T09:31:19.400Z"}
{"level":"info","message":"Request body, [object Object]","service":"api-gateway","timestamp":"2025-04-04T09:31:19.401Z"}
{"level":"info","message":"Response received from Post service: 200","service":"api-gateway","timestamp":"2025-04-04T09:31:19.458Z"}
{"level":"info","message":"Received GET request to /v1/posts/all-posts","service":"api-gateway","timestamp":"2025-04-04T09:40:03.238Z"}
{"level":"info","message":"Request body, [object Object]","service":"api-gateway","timestamp":"2025-04-04T09:40:03.239Z"}
{"level":"info","message":"Response received from Post service: 200","service":"api-gateway","timestamp":"2025-04-04T09:40:03.330Z"}
{"level":"info","message":"Received GET request to /v1/media/get","service":"api-gateway","timestamp":"2025-04-04T09:40:21.650Z"}
{"level":"info","message":"Request body, [object Object]","service":"api-gateway","timestamp":"2025-04-04T09:40:21.651Z"}
{"level":"warn","message":"Invalid token!","service":"api-gateway","timestamp":"2025-04-04T09:40:21.654Z"}
{"level":"info","message":"Received POST request to /v1/auth/login","service":"api-gateway","timestamp":"2025-04-04T09:40:29.983Z"}
{"level":"info","message":"Request body, [object Object]","service":"api-gateway","timestamp":"2025-04-04T09:40:29.984Z"}
{"level":"info","message":"Response received from Identity service: 200","service":"api-gateway","timestamp":"2025-04-04T09:40:30.305Z"}
{"level":"info","message":"Received POST request to /v1/media/upload","service":"api-gateway","timestamp":"2025-04-04T09:41:35.076Z"}
{"level":"info","message":"Request body, [object Object]","service":"api-gateway","timestamp":"2025-04-04T09:41:35.077Z"}
{"level":"info","message":"Response received from media service: 201","service":"api-gateway","timestamp":"2025-04-04T09:41:36.874Z"}
{"level":"info","message":"Received POST request to /v1/posts/create-post","service":"api-gateway","timestamp":"2025-04-04T09:42:38.976Z"}
{"level":"info","message":"Request body, [object Object]","service":"api-gateway","timestamp":"2025-04-04T09:42:38.977Z"}
{"level":"info","message":"Response received from Post service: 201","service":"api-gateway","timestamp":"2025-04-04T09:42:39.034Z"}
{"level":"info","message":"Received GET request to /v1/posts/all-posts","service":"api-gateway","timestamp":"2025-04-04T09:42:50.315Z"}
{"level":"info","message":"Request body, [object Object]","service":"api-gateway","timestamp":"2025-04-04T09:42:50.316Z"}
{"level":"info","message":"Response received from Post service: 200","service":"api-gateway","timestamp":"2025-04-04T09:42:50.395Z"}
{"level":"info","message":"Received DELETE request to /v1/posts/67efa98e4443aeec521ba609","service":"api-gateway","timestamp":"2025-04-04T09:43:14.287Z"}
{"level":"info","message":"Request body, [object Object]","service":"api-gateway","timestamp":"2025-04-04T09:43:14.288Z"}
{"level":"info","message":"Response received from Post service: 200","service":"api-gateway","timestamp":"2025-04-04T09:43:14.343Z"}
{"level":"info","message":"Received POST request to /v1/auth/login","service":"api-gateway","timestamp":"2025-04-04T09:56:00.401Z"}
{"level":"info","message":"Request body, [object Object]","service":"api-gateway","timestamp":"2025-04-04T09:56:00.402Z"}
{"level":"info","message":"Response received from Identity service: 200","service":"api-gateway","timestamp":"2025-04-04T09:56:00.640Z"}
{"level":"info","message":"Received POST request to /v1/media/upload","service":"api-gateway","timestamp":"2025-04-04T09:56:29.997Z"}
{"level":"info","message":"Request body, [object Object]","service":"api-gateway","timestamp":"2025-04-04T09:56:29.998Z"}
{"level":"info","message":"Response received from media service: 201","service":"api-gateway","timestamp":"2025-04-04T09:56:31.553Z"}
{"level":"info","message":"Received POST request to /v1/posts/create-post","service":"api-gateway","timestamp":"2025-04-04T09:56:49.393Z"}
{"level":"info","message":"Request body, [object Object]","service":"api-gateway","timestamp":"2025-04-04T09:56:49.394Z"}
{"level":"info","message":"Response received from Post service: 201","service":"api-gateway","timestamp":"2025-04-04T09:56:49.448Z"}
{"level":"info","message":"Received GET request to /v1/posts/all-posts","service":"api-gateway","timestamp":"2025-04-04T09:56:56.877Z"}
{"level":"info","message":"Request body, [object Object]","service":"api-gateway","timestamp":"2025-04-04T09:56:56.878Z"}
{"level":"info","message":"Response received from Post service: 200","service":"api-gateway","timestamp":"2025-04-04T09:56:56.955Z"}
{"level":"info","message":"Received DELETE request to /v1/posts/67eface14443aeec521ba60e","service":"api-gateway","timestamp":"2025-04-04T09:57:46.815Z"}
{"level":"info","message":"Request body, [object Object]","service":"api-gateway","timestamp":"2025-04-04T09:57:46.815Z"}
{"level":"info","message":"Response received from Post service: 200","service":"api-gateway","timestamp":"2025-04-04T09:57:46.852Z"}
