{"code":"ECONNREFUSED","level":"error","message":"Error connecting to rabbit mq","service":"post-service","stack":"AggregateError [ECONNREFUSED]: \n    at internalConnectMultiple (node:net:1139:18)\n    at afterConnectMultiple (node:net:1712:7)","timestamp":"2025-03-23T12:34:03.067Z"}
{"level":"info","message":"Post service running on port 3002","service":"post-service","timestamp":"2025-03-23T12:34:03.073Z"}
{"level":"info","message":"Connected to mongodb","service":"post-service","timestamp":"2025-03-23T12:34:03.813Z"}
{"level":"info","message":"Connected to mongodb","service":"post-service","timestamp":"2025-03-23T13:33:35.940Z"}
{"level":"info","message":"Connected to mongodb","service":"post-service","timestamp":"2025-03-23T13:43:10.826Z"}
{"level":"info","message":"Connected to mongodb","service":"post-service","timestamp":"2025-03-23T13:46:04.080Z"}
{"level":"info","message":"Post service running on port 3002","service":"post-service","timestamp":"2025-03-23T13:55:12.444Z"}
{"level":"info","message":"Connected to mongodb","service":"post-service","timestamp":"2025-03-23T13:55:12.999Z"}
{"level":"info","message":"Received POST request to /api/posts/create-post","service":"post-service","timestamp":"2025-03-23T13:55:26.660Z"}
{"level":"info","message":"Request body, [object Object]","service":"post-service","timestamp":"2025-03-23T13:55:26.661Z"}
{"level":"warn","message":"Access attempted without user ID","service":"post-service","timestamp":"2025-03-23T13:55:26.661Z"}
{"level":"info","message":"Received POST request to /api/posts/create-post","service":"post-service","timestamp":"2025-03-23T13:56:58.604Z"}
{"level":"info","message":"Request body, [object Object]","service":"post-service","timestamp":"2025-03-23T13:56:58.605Z"}
{"level":"info","message":"Create post endpoint hit","service":"post-service","timestamp":"2025-03-23T13:56:58.606Z"}
{"code":"ECONNREFUSED","level":"error","message":"Error connecting to rabbit mq","service":"post-service","stack":"AggregateError [ECONNREFUSED]: \n    at internalConnectMultiple (node:net:1139:18)\n    at afterConnectMultiple (node:net:1712:7)","timestamp":"2025-03-23T13:56:58.668Z"}
{"0":"r","1":"e","2":"a","3":"s","4":"o","5":"n","6":":","level":"error","message":"Unhandled Rejection at","service":"post-service","timestamp":"2025-03-23T13:56:58.669Z"}
{"level":"info","message":"Post service running on port 3002","service":"post-service","timestamp":"2025-03-23T14:04:45.356Z"}
{"level":"info","message":"Connected to mongodb","service":"post-service","timestamp":"2025-03-23T14:04:45.853Z"}
{"level":"info","message":"Post service running on port 3002","service":"post-service","timestamp":"2025-03-23T14:05:28.440Z"}
{"level":"info","message":"Connected to mongodb","service":"post-service","timestamp":"2025-03-23T14:05:29.054Z"}
{"level":"info","message":"Received POST request to /api/posts/create-post","service":"post-service","timestamp":"2025-03-23T14:05:38.397Z"}
{"level":"info","message":"Request body, [object Object]","service":"post-service","timestamp":"2025-03-23T14:05:38.398Z"}
{"level":"info","message":"Create post endpoint hit","service":"post-service","timestamp":"2025-03-23T14:05:38.399Z"}
{"$__":{"$versionError":null,"activePaths":{"paths":{"content":"require","user":"require"},"states":{"default":{},"modify":{},"require":{"content":true,"user":true}}},"backup":{"activePaths":{"default":{"_id":true,"createdAt":true},"modify":{"content":true,"mediaIds":true,"updatedAt":true,"user":true}},"validationError":null},"cachedRequired":{},"inserting":true,"op":null,"pathsToScopes":{"mediaIds":{"__v":0,"_id":"67e0153233dfb250c7805fba","content":"New Post Created","createdAt":"2025-03-23T14:05:38.410Z","mediaIds":[],"updatedAt":"2025-03-23T14:05:38.410Z","user":"67dfed406c2cd3e394fde017"}},"saveOptions":null,"savedState":{},"saving":null,"validating":null},"$isNew":false,"_doc":{"__v":0,"_id":"67e0153233dfb250c7805fba","content":"New Post Created","createdAt":"2025-03-23T14:05:38.410Z","mediaIds":[],"updatedAt":"2025-03-23T14:05:38.410Z","user":"67dfed406c2cd3e394fde017"},"level":"info","message":"Post created successfully","service":"post-service","timestamp":"2025-03-23T14:05:38.546Z"}
{"level":"info","message":"Received GET request to /api/posts/create-post","service":"post-service","timestamp":"2025-03-23T14:15:47.168Z"}
{"level":"info","message":"Request body, [object Object]","service":"post-service","timestamp":"2025-03-23T14:15:47.169Z"}
{"0":"r","1":"e","2":"a","3":"s","4":"o","5":"n","6":":","level":"error","message":"Unhandled Rejection at","service":"post-service","timestamp":"2025-03-23T14:15:47.175Z"}
{"level":"info","message":"Received GET request to /api/posts/all-posts","service":"post-service","timestamp":"2025-03-23T14:19:03.704Z"}
{"level":"info","message":"Request body, [object Object]","service":"post-service","timestamp":"2025-03-23T14:19:03.705Z"}
{"level":"info","message":"Post service running on port 3002","service":"post-service","timestamp":"2025-03-30T18:17:41.402Z"}
{"level":"info","message":"Connected to mongodb","service":"post-service","timestamp":"2025-03-30T18:17:42.049Z"}
{"level":"info","message":"Post service running on port 3002","service":"post-service","timestamp":"2025-04-01T05:44:43.671Z"}
{"level":"info","message":"Connected to mongodb","service":"post-service","timestamp":"2025-04-01T05:44:44.831Z"}
{"level":"info","message":"Received GET request to /api/posts/all-posts","service":"post-service","timestamp":"2025-04-01T05:49:07.567Z"}
{"level":"info","message":"Request body, [object Object]","service":"post-service","timestamp":"2025-04-01T05:49:07.568Z"}
{"level":"info","message":"Received GET request to /api/posts/all-posts","service":"post-service","timestamp":"2025-04-01T05:49:19.613Z"}
{"level":"info","message":"Request body, [object Object]","service":"post-service","timestamp":"2025-04-01T05:49:19.613Z"}
{"level":"info","message":"Received GET request to /api/posts/all-posts","service":"post-service","timestamp":"2025-04-01T11:05:44.990Z"}
{"level":"info","message":"Request body, [object Object]","service":"post-service","timestamp":"2025-04-01T11:05:44.993Z"}
{"level":"info","message":"Received POST request to /api/posts/create-post","service":"post-service","timestamp":"2025-04-01T11:09:02.342Z"}
{"level":"info","message":"Request body, [object Object]","service":"post-service","timestamp":"2025-04-01T11:09:02.343Z"}
{"level":"info","message":"Create post endpoint hit","service":"post-service","timestamp":"2025-04-01T11:09:02.345Z"}
{"$__":{"$versionError":null,"activePaths":{"paths":{"content":"require","user":"require"},"states":{"default":{},"modify":{},"require":{"content":true,"user":true}}},"backup":{"activePaths":{"default":{"_id":true,"createdAt":true},"modify":{"content":true,"mediaIds":true,"updatedAt":true,"user":true}},"validationError":null},"cachedRequired":{},"inserting":true,"op":null,"pathsToScopes":{"mediaIds":{"__v":0,"_id":"67ebc94efe9a0f6d24af9255","content":"New Post Created by Zafrul","createdAt":"2025-04-01T11:09:02.358Z","mediaIds":[],"updatedAt":"2025-04-01T11:09:02.358Z","user":"67dfed406c2cd3e394fde017"}},"saveOptions":null,"savedState":{},"saving":null,"validating":null},"$isNew":false,"_doc":{"__v":0,"_id":"67ebc94efe9a0f6d24af9255","content":"New Post Created by Zafrul","createdAt":"2025-04-01T11:09:02.358Z","mediaIds":[],"updatedAt":"2025-04-01T11:09:02.358Z","user":"67dfed406c2cd3e394fde017"},"level":"info","message":"Post created successfully","service":"post-service","timestamp":"2025-04-01T11:09:02.421Z"}
{"level":"info","message":"Received GET request to /api/posts/all-posts","service":"post-service","timestamp":"2025-04-01T11:09:08.865Z"}
{"level":"info","message":"Request body, [object Object]","service":"post-service","timestamp":"2025-04-01T11:09:08.866Z"}
{"level":"info","message":"Received POST request to /api/posts/create-post","service":"post-service","timestamp":"2025-04-01T11:16:31.716Z"}
{"level":"info","message":"Request body, [object Object]","service":"post-service","timestamp":"2025-04-01T11:16:31.717Z"}
{"level":"info","message":"Create post endpoint hit","service":"post-service","timestamp":"2025-04-01T11:16:31.717Z"}
{"$__":{"$versionError":null,"activePaths":{"paths":{"content":"require","user":"require"},"states":{"default":{},"modify":{},"require":{"content":true,"user":true}}},"backup":{"activePaths":{"default":{"_id":true,"createdAt":true},"modify":{"content":true,"mediaIds":true,"updatedAt":true,"user":true}},"validationError":null},"cachedRequired":{},"inserting":true,"op":null,"pathsToScopes":{"mediaIds":{"__v":0,"_id":"67ebcb0ffe9a0f6d24af9259","content":"New Post Created by Islam","createdAt":"2025-04-01T11:16:31.719Z","mediaIds":["67ebc7f6cfd70920612ffd0f"],"updatedAt":"2025-04-01T11:16:31.719Z","user":"67dfed406c2cd3e394fde017"}},"saveOptions":null,"savedState":{},"saving":null,"validating":null},"$isNew":false,"_doc":{"__v":0,"_id":"67ebcb0ffe9a0f6d24af9259","content":"New Post Created by Islam","createdAt":"2025-04-01T11:16:31.719Z","mediaIds":["67ebc7f6cfd70920612ffd0f"],"updatedAt":"2025-04-01T11:16:31.719Z","user":"67dfed406c2cd3e394fde017"},"level":"info","message":"Post created successfully","service":"post-service","timestamp":"2025-04-01T11:16:31.762Z"}
{"level":"info","message":"Received GET request to /api/posts/all-posts","service":"post-service","timestamp":"2025-04-01T11:16:37.207Z"}
{"level":"info","message":"Request body, [object Object]","service":"post-service","timestamp":"2025-04-01T11:16:37.207Z"}
{"level":"info","message":"Connected to rabbit mq","service":"post-service","timestamp":"2025-04-01T12:35:04.653Z"}
{"level":"info","message":"Post service running on port 3002","service":"post-service","timestamp":"2025-04-01T12:35:04.658Z"}
{"level":"info","message":"Connected to mongodb","service":"post-service","timestamp":"2025-04-01T12:35:05.190Z"}
{"level":"info","message":"Connected to rabbit mq","service":"post-service","timestamp":"2025-04-01T14:49:04.789Z"}
{"level":"info","message":"Post service running on port 3002","service":"post-service","timestamp":"2025-04-01T14:49:04.795Z"}
{"level":"info","message":"Connected to mongodb","service":"post-service","timestamp":"2025-04-01T14:49:05.382Z"}
{"level":"info","message":"Connected to rabbit mq","service":"post-service","timestamp":"2025-04-01T14:50:16.479Z"}
{"level":"info","message":"Post service running on port 3002","service":"post-service","timestamp":"2025-04-01T14:50:16.485Z"}
{"level":"info","message":"Connected to mongodb","service":"post-service","timestamp":"2025-04-01T14:50:17.007Z"}
{"level":"info","message":"Received GET request to /api/posts/all-posts","service":"post-service","timestamp":"2025-04-01T14:53:46.866Z"}
{"level":"info","message":"Request body, [object Object]","service":"post-service","timestamp":"2025-04-01T14:53:46.867Z"}
{"level":"info","message":"Received DELETE request to /api/posts/67ebcb0ffe9a0f6d24af9259","service":"post-service","timestamp":"2025-04-01T15:45:26.150Z"}
{"level":"info","message":"Request body, [object Object]","service":"post-service","timestamp":"2025-04-01T15:45:26.152Z"}
{"0":"r","1":"e","2":"a","3":"s","4":"o","5":"n","6":":","level":"error","message":"Unhandled Rejection at","service":"post-service","timestamp":"2025-04-01T15:45:26.214Z"}
{"level":"info","message":"Received DELETE request to /api/posts/67ebcb0ffe9a0f6d24af9259","service":"post-service","timestamp":"2025-04-01T15:52:56.221Z"}
{"level":"info","message":"Request body, [object Object]","service":"post-service","timestamp":"2025-04-01T15:52:56.222Z"}
{"level":"info","message":"Received GET request to /api/posts/all-posts","service":"post-service","timestamp":"2025-04-01T15:53:14.045Z"}
{"level":"info","message":"Request body, [object Object]","service":"post-service","timestamp":"2025-04-01T15:53:14.046Z"}
{"level":"info","message":"Received POST request to /api/posts/create-post","service":"post-service","timestamp":"2025-04-01T15:54:56.478Z"}
{"level":"info","message":"Request body, [object Object]","service":"post-service","timestamp":"2025-04-01T15:54:56.479Z"}
{"level":"info","message":"Create post endpoint hit","service":"post-service","timestamp":"2025-04-01T15:54:56.480Z"}
{"0":"r","1":"e","2":"a","3":"s","4":"o","5":"n","6":":","level":"error","message":"Unhandled Rejection at","service":"post-service","timestamp":"2025-04-01T15:54:56.556Z"}
{"level":"info","message":"Connected to rabbit mq","service":"post-service","timestamp":"2025-04-01T15:56:15.344Z"}
{"level":"info","message":"Post service running on port 3002","service":"post-service","timestamp":"2025-04-01T15:56:15.350Z"}
{"level":"info","message":"Connected to mongodb","service":"post-service","timestamp":"2025-04-01T15:56:16.443Z"}
{"level":"info","message":"Received POST request to /api/posts/create-post","service":"post-service","timestamp":"2025-04-01T15:56:23.655Z"}
{"level":"info","message":"Request body, [object Object]","service":"post-service","timestamp":"2025-04-01T15:56:23.655Z"}
{"level":"info","message":"Create post endpoint hit","service":"post-service","timestamp":"2025-04-01T15:56:23.657Z"}
{"0":"r","1":"e","2":"a","3":"s","4":"o","5":"n","6":":","level":"error","message":"Unhandled Rejection at","service":"post-service","timestamp":"2025-04-01T15:56:23.729Z"}
{"level":"info","message":"Connected to rabbit mq","service":"post-service","timestamp":"2025-04-01T15:59:48.375Z"}
{"level":"info","message":"Post service running on port 3002","service":"post-service","timestamp":"2025-04-01T15:59:48.381Z"}
{"level":"info","message":"Connected to mongodb","service":"post-service","timestamp":"2025-04-01T15:59:48.915Z"}
{"level":"info","message":"Received POST request to /api/posts/create-post","service":"post-service","timestamp":"2025-04-01T15:59:55.703Z"}
{"level":"info","message":"Request body, [object Object]","service":"post-service","timestamp":"2025-04-01T15:59:55.703Z"}
{"level":"info","message":"Create post endpoint hit","service":"post-service","timestamp":"2025-04-01T15:59:55.705Z"}
{"0":"r","1":"e","2":"a","3":"s","4":"o","5":"n","6":":","level":"error","message":"Unhandled Rejection at","service":"post-service","timestamp":"2025-04-01T15:59:55.778Z"}
{"level":"info","message":"Connected to rabbit mq","service":"post-service","timestamp":"2025-04-04T05:50:40.111Z"}
{"level":"info","message":"Post service running on port 3002","service":"post-service","timestamp":"2025-04-04T05:50:40.133Z"}
{"level":"info","message":"Connected to mongodb","service":"post-service","timestamp":"2025-04-04T05:50:41.204Z"}
{"level":"info","message":"Received GET request to /api/posts/all-posts","service":"post-service","timestamp":"2025-04-04T05:56:56.011Z"}
{"level":"info","message":"Request body, [object Object]","service":"post-service","timestamp":"2025-04-04T05:56:56.012Z"}
{"level":"info","message":"Received DELETE request to /api/posts/67ebc7f6cfd70920612ffd0f","service":"post-service","timestamp":"2025-04-04T05:58:49.562Z"}
{"level":"info","message":"Request body, [object Object]","service":"post-service","timestamp":"2025-04-04T05:58:49.563Z"}
{"level":"info","message":"Received GET request to /api/posts/all-posts","service":"post-service","timestamp":"2025-04-04T05:59:02.901Z"}
{"level":"info","message":"Request body, [object Object]","service":"post-service","timestamp":"2025-04-04T05:59:02.902Z"}
{"level":"info","message":"Received DELETE request to /api/posts/67ec0d7b75eea4960d5fd1ca","service":"post-service","timestamp":"2025-04-04T05:59:33.600Z"}
{"level":"info","message":"Request body, [object Object]","service":"post-service","timestamp":"2025-04-04T05:59:33.601Z"}
{"0":"r","1":"e","2":"a","3":"s","4":"o","5":"n","6":":","level":"error","message":"Unhandled Rejection at","service":"post-service","timestamp":"2025-04-04T05:59:33.646Z"}
{"level":"info","message":"Connected to rabbit mq","service":"post-service","timestamp":"2025-04-04T06:08:50.270Z"}
{"level":"info","message":"Post service running on port 3002","service":"post-service","timestamp":"2025-04-04T06:08:50.276Z"}
{"level":"info","message":"Connected to mongodb","service":"post-service","timestamp":"2025-04-04T06:08:50.822Z"}
{"level":"info","message":"Received DELETE request to /api/posts/67ec0d7b75eea4960d5fd1ca","service":"post-service","timestamp":"2025-04-04T06:09:07.956Z"}
{"level":"info","message":"Request body, [object Object]","service":"post-service","timestamp":"2025-04-04T06:09:07.957Z"}
{"level":"info","message":"Received GET request to /api/posts/all-posts","service":"post-service","timestamp":"2025-04-04T06:09:17.795Z"}
{"level":"info","message":"Request body, [object Object]","service":"post-service","timestamp":"2025-04-04T06:09:17.796Z"}
{"level":"info","message":"Connected to rabbit mq","service":"post-service","timestamp":"2025-04-04T06:11:46.112Z"}
{"level":"info","message":"Post service running on port 3002","service":"post-service","timestamp":"2025-04-04T06:11:46.118Z"}
{"level":"info","message":"Connected to mongodb","service":"post-service","timestamp":"2025-04-04T06:11:46.705Z"}
{"level":"info","message":"Received DELETE request to /api/posts/67ec0ca70b7cf998ef07e1a8","service":"post-service","timestamp":"2025-04-04T06:11:52.334Z"}
{"level":"info","message":"Request body, [object Object]","service":"post-service","timestamp":"2025-04-04T06:11:52.334Z"}
{"0":"r","1":"e","2":"a","3":"s","4":"o","5":"n","6":":","level":"error","message":"Unhandled Rejection at","service":"post-service","timestamp":"2025-04-04T06:11:52.398Z"}
{"level":"info","message":"Connected to rabbit mq","service":"post-service","timestamp":"2025-04-04T06:14:34.436Z"}
{"level":"info","message":"Post service running on port 3002","service":"post-service","timestamp":"2025-04-04T06:14:34.442Z"}
{"level":"info","message":"Connected to mongodb","service":"post-service","timestamp":"2025-04-04T06:14:34.988Z"}
{"level":"info","message":"Connected to rabbit mq","service":"post-service","timestamp":"2025-04-04T06:17:04.207Z"}
{"level":"info","message":"Post service running on port 3002","service":"post-service","timestamp":"2025-04-04T06:17:04.214Z"}
{"level":"info","message":"Connected to mongodb","service":"post-service","timestamp":"2025-04-04T06:17:04.650Z"}
{"level":"info","message":"Connected to rabbit mq","service":"post-service","timestamp":"2025-04-04T06:19:15.800Z"}
{"level":"info","message":"Post service running on port 3002","service":"post-service","timestamp":"2025-04-04T06:19:15.806Z"}
{"level":"info","message":"Connected to mongodb","service":"post-service","timestamp":"2025-04-04T06:19:16.381Z"}
{"level":"info","message":"Received DELETE request to /api/posts/67ec0ca70b7cf998ef07e1a8","service":"post-service","timestamp":"2025-04-04T06:19:29.516Z"}
{"level":"info","message":"Request body, [object Object]","service":"post-service","timestamp":"2025-04-04T06:19:29.517Z"}
{"level":"info","message":"Received DELETE request to /api/posts/67ec0c5027e58d7f8355e33c","service":"post-service","timestamp":"2025-04-04T06:20:22.621Z"}
{"level":"info","message":"Request body, [object Object]","service":"post-service","timestamp":"2025-04-04T06:20:22.621Z"}
{"level":"error","message":"Failed to publish event publishEvent is not a function","service":"post-service","stack":"TypeError: publishEvent is not a function\n    at deletePost (D:\\Nodejs-microservices-2025-master\\Nodejs-microservices-2025-master\\post-service\\src\\controllers\\post-controller.js:152:11)\n    at process.processTicksAndRejections (node:internal/process/task_queues:105:5)","timestamp":"2025-04-04T06:20:22.659Z"}
{"level":"info","message":"Connected to rabbit mq","service":"post-service","timestamp":"2025-04-04T06:45:14.852Z"}
{"level":"info","message":"Post service running on port 3002","service":"post-service","timestamp":"2025-04-04T06:45:14.859Z"}
{"level":"info","message":"Connected to mongodb","service":"post-service","timestamp":"2025-04-04T06:45:15.867Z"}
{"level":"info","message":"Received GET request to /api/posts/all-posts","service":"post-service","timestamp":"2025-04-04T06:45:27.267Z"}
{"level":"info","message":"Request body, [object Object]","service":"post-service","timestamp":"2025-04-04T06:45:27.268Z"}
{"level":"info","message":"Received DELETE request to /api/posts/67ebc94efe9a0f6d24af9255","service":"post-service","timestamp":"2025-04-04T06:45:44.033Z"}
{"level":"info","message":"Request body, [object Object]","service":"post-service","timestamp":"2025-04-04T06:45:44.034Z"}
{"level":"info","message":"Event published: post.deleted","service":"post-service","timestamp":"2025-04-04T06:45:44.075Z"}
{"level":"info","message":"Received POST request to /api/posts/create-post","service":"post-service","timestamp":"2025-04-04T08:15:04.853Z"}
{"level":"info","message":"Request body, [object Object]","service":"post-service","timestamp":"2025-04-04T08:15:04.855Z"}
{"level":"info","message":"Create post endpoint hit","service":"post-service","timestamp":"2025-04-04T08:15:04.856Z"}
{"level":"info","message":"Event published: post.created","service":"post-service","timestamp":"2025-04-04T08:15:05.117Z"}
{"$__":{"$versionError":null,"activePaths":{"paths":{"content":"require","user":"require"},"states":{"default":{},"modify":{},"require":{"content":true,"user":true}}},"backup":{"activePaths":{"default":{"_id":true,"createdAt":true},"modify":{"content":true,"mediaIds":true,"updatedAt":true,"user":true}},"validationError":null},"cachedRequired":{},"inserting":true,"op":null,"pathsToScopes":{"mediaIds":{"__v":0,"_id":"67ef95084443aeec521ba5fd","content":"New Post Created For Allauddin","createdAt":"2025-04-04T08:15:04.869Z","mediaIds":["67ef949a9e95e88ca58cc79e"],"updatedAt":"2025-04-04T08:15:04.869Z","user":"67dfed406c2cd3e394fde017"}},"saveOptions":null,"savedState":{},"saving":null,"validating":null},"$isNew":false,"_doc":{"__v":0,"_id":"67ef95084443aeec521ba5fd","content":"New Post Created For Allauddin","createdAt":"2025-04-04T08:15:04.869Z","mediaIds":["67ef949a9e95e88ca58cc79e"],"updatedAt":"2025-04-04T08:15:04.869Z","user":"67dfed406c2cd3e394fde017"},"level":"info","message":"Post created successfully","service":"post-service","timestamp":"2025-04-04T08:15:05.119Z"}
{"level":"info","message":"Received GET request to /api/posts/all-posts","service":"post-service","timestamp":"2025-04-04T08:16:48.675Z"}
{"level":"info","message":"Request body, [object Object]","service":"post-service","timestamp":"2025-04-04T08:16:48.675Z"}
{"level":"info","message":"Received DELETE request to /api/posts/67ef95084443aeec521ba5fd","service":"post-service","timestamp":"2025-04-04T08:19:14.650Z"}
{"level":"info","message":"Request body, [object Object]","service":"post-service","timestamp":"2025-04-04T08:19:14.651Z"}
{"level":"info","message":"Event published: post.deleted","service":"post-service","timestamp":"2025-04-04T08:19:14.698Z"}
{"level":"info","message":"Received POST request to /api/posts/create-post","service":"post-service","timestamp":"2025-04-04T09:29:49.628Z"}
{"level":"info","message":"Request body, [object Object]","service":"post-service","timestamp":"2025-04-04T09:29:49.629Z"}
{"level":"info","message":"Create post endpoint hit","service":"post-service","timestamp":"2025-04-04T09:29:49.629Z"}
{"level":"info","message":"Event published: post.created","service":"post-service","timestamp":"2025-04-04T09:29:49.863Z"}
{"$__":{"$versionError":null,"activePaths":{"paths":{"content":"require","user":"require"},"states":{"default":{},"modify":{},"require":{"content":true,"user":true}}},"backup":{"activePaths":{"default":{"_id":true,"createdAt":true},"modify":{"content":true,"mediaIds":true,"updatedAt":true,"user":true}},"validationError":null},"cachedRequired":{},"inserting":true,"op":null,"pathsToScopes":{"mediaIds":{"__v":0,"_id":"67efa68d4443aeec521ba602","content":"New Post Created For Allauddin1","createdAt":"2025-04-04T09:29:49.631Z","mediaIds":["67efa6349e95e88ca58cc7a0"],"updatedAt":"2025-04-04T09:29:49.631Z","user":"67dfed406c2cd3e394fde017"}},"saveOptions":null,"savedState":{},"saving":null,"validating":null},"$isNew":false,"_doc":{"__v":0,"_id":"67efa68d4443aeec521ba602","content":"New Post Created For Allauddin1","createdAt":"2025-04-04T09:29:49.631Z","mediaIds":["67efa6349e95e88ca58cc7a0"],"updatedAt":"2025-04-04T09:29:49.631Z","user":"67dfed406c2cd3e394fde017"},"level":"info","message":"Post created successfully","service":"post-service","timestamp":"2025-04-04T09:29:49.865Z"}
{"level":"info","message":"Received GET request to /api/posts/all-posts","service":"post-service","timestamp":"2025-04-04T09:30:07.492Z"}
{"level":"info","message":"Request body, [object Object]","service":"post-service","timestamp":"2025-04-04T09:30:07.493Z"}
{"level":"info","message":"Received DELETE request to /api/posts/67efa68d4443aeec521ba602","service":"post-service","timestamp":"2025-04-04T09:31:19.409Z"}
{"level":"info","message":"Request body, [object Object]","service":"post-service","timestamp":"2025-04-04T09:31:19.410Z"}
{"level":"info","message":"Event published: post.deleted","service":"post-service","timestamp":"2025-04-04T09:31:19.454Z"}
{"level":"info","message":"Received GET request to /api/posts/all-posts","service":"post-service","timestamp":"2025-04-04T09:40:03.248Z"}
{"level":"info","message":"Request body, [object Object]","service":"post-service","timestamp":"2025-04-04T09:40:03.249Z"}
{"level":"info","message":"Received POST request to /api/posts/create-post","service":"post-service","timestamp":"2025-04-04T09:42:38.982Z"}
{"level":"info","message":"Request body, [object Object]","service":"post-service","timestamp":"2025-04-04T09:42:38.983Z"}
{"level":"info","message":"Create post endpoint hit","service":"post-service","timestamp":"2025-04-04T09:42:38.984Z"}
{"level":"info","message":"Event published: post.created","service":"post-service","timestamp":"2025-04-04T09:42:39.027Z"}
{"$__":{"$versionError":null,"activePaths":{"paths":{"content":"require","user":"require"},"states":{"default":{},"modify":{},"require":{"content":true,"user":true}}},"backup":{"activePaths":{"default":{"_id":true,"createdAt":true},"modify":{"content":true,"mediaIds":true,"updatedAt":true,"user":true}},"validationError":null},"cachedRequired":{},"inserting":true,"op":null,"pathsToScopes":{"mediaIds":{"__v":0,"_id":"67efa98e4443aeec521ba609","content":"New Post Created For Allauddin2","createdAt":"2025-04-04T09:42:38.988Z","mediaIds":["67efa9509e95e88ca58cc7a2"],"updatedAt":"2025-04-04T09:42:38.988Z","user":"67dfed406c2cd3e394fde017"}},"saveOptions":null,"savedState":{},"saving":null,"validating":null},"$isNew":false,"_doc":{"__v":0,"_id":"67efa98e4443aeec521ba609","content":"New Post Created For Allauddin2","createdAt":"2025-04-04T09:42:38.988Z","mediaIds":["67efa9509e95e88ca58cc7a2"],"updatedAt":"2025-04-04T09:42:38.988Z","user":"67dfed406c2cd3e394fde017"},"level":"info","message":"Post created successfully","service":"post-service","timestamp":"2025-04-04T09:42:39.029Z"}
{"level":"info","message":"Received GET request to /api/posts/all-posts","service":"post-service","timestamp":"2025-04-04T09:42:50.320Z"}
{"level":"info","message":"Request body, [object Object]","service":"post-service","timestamp":"2025-04-04T09:42:50.321Z"}
{"level":"info","message":"Received DELETE request to /api/posts/67efa98e4443aeec521ba609","service":"post-service","timestamp":"2025-04-04T09:43:14.296Z"}
{"level":"info","message":"Request body, [object Object]","service":"post-service","timestamp":"2025-04-04T09:43:14.297Z"}
{"level":"info","message":"Event published: post.deleted","service":"post-service","timestamp":"2025-04-04T09:43:14.341Z"}
{"level":"info","message":"Received POST request to /api/posts/create-post","service":"post-service","timestamp":"2025-04-04T09:56:49.397Z"}
{"level":"info","message":"Request body, [object Object]","service":"post-service","timestamp":"2025-04-04T09:56:49.398Z"}
{"level":"info","message":"Create post endpoint hit","service":"post-service","timestamp":"2025-04-04T09:56:49.399Z"}
{"level":"info","message":"Event published: post.created","service":"post-service","timestamp":"2025-04-04T09:56:49.440Z"}
{"$__":{"$versionError":null,"activePaths":{"paths":{"content":"require","user":"require"},"states":{"default":{},"modify":{},"require":{"content":true,"user":true}}},"backup":{"activePaths":{"default":{"_id":true,"createdAt":true},"modify":{"content":true,"mediaIds":true,"updatedAt":true,"user":true}},"validationError":null},"cachedRequired":{},"inserting":true,"op":null,"pathsToScopes":{"mediaIds":{"__v":0,"_id":"67eface14443aeec521ba60e","content":"New Post Created For Allauddin3","createdAt":"2025-04-04T09:56:49.402Z","mediaIds":["67efa9509e95e88ca58cc7a2"],"updatedAt":"2025-04-04T09:56:49.402Z","user":"67dfed406c2cd3e394fde017"}},"saveOptions":null,"savedState":{},"saving":null,"validating":null},"$isNew":false,"_doc":{"__v":0,"_id":"67eface14443aeec521ba60e","content":"New Post Created For Allauddin3","createdAt":"2025-04-04T09:56:49.402Z","mediaIds":["67efa9509e95e88ca58cc7a2"],"updatedAt":"2025-04-04T09:56:49.402Z","user":"67dfed406c2cd3e394fde017"},"level":"info","message":"Post created successfully","service":"post-service","timestamp":"2025-04-04T09:56:49.442Z"}
{"level":"info","message":"Received GET request to /api/posts/all-posts","service":"post-service","timestamp":"2025-04-04T09:56:56.881Z"}
{"level":"info","message":"Request body, [object Object]","service":"post-service","timestamp":"2025-04-04T09:56:56.881Z"}
{"level":"info","message":"Received DELETE request to /api/posts/67eface14443aeec521ba60e","service":"post-service","timestamp":"2025-04-04T09:57:46.818Z"}
{"level":"info","message":"Request body, [object Object]","service":"post-service","timestamp":"2025-04-04T09:57:46.818Z"}
{"level":"info","message":"Event published: post.deleted","service":"post-service","timestamp":"2025-04-04T09:57:46.849Z"}
